<?xml version="1.0" encoding="UTF-8"?>
<testsuite name="com.api.socks.repository.QueryWithFilterRepositoryTests" tests="10" skipped="0" failures="0" errors="0" timestamp="2024-12-22T00:34:22" hostname="MacBook-Air-Artem.local" time="0.014">
  <properties/>
  <testcase name="queryCreationFullCottonTwoConditionsTest()" classname="com.api.socks.repository.QueryWithFilterRepositoryTests" time="0.001"/>
  <testcase name="queryOneColorFilterTest()" classname="com.api.socks.repository.QueryWithFilterRepositoryTests" time="0.001"/>
  <testcase name="queryManyColorsFilterTest()" classname="com.api.socks.repository.QueryWithFilterRepositoryTests" time="0.001"/>
  <testcase name="queryTwoCottonConditionFilterTest()" classname="com.api.socks.repository.QueryWithFilterRepositoryTests" time="0.0"/>
  <testcase name="queryTwoCottonConditionEqualWithAndFilterTest()" classname="com.api.socks.repository.QueryWithFilterRepositoryTests" time="0.0"/>
  <testcase name="queryTwoColorFilterTest()" classname="com.api.socks.repository.QueryWithFilterRepositoryTests" time="0.0"/>
  <testcase name="queryOneCottonConditionFilterTest()" classname="com.api.socks.repository.QueryWithFilterRepositoryTests" time="0.0"/>
  <testcase name="queryTwoCottonConditionEqualFilterTest()" classname="com.api.socks.repository.QueryWithFilterRepositoryTests" time="0.0"/>
  <testcase name="queryCreationFullTest()" classname="com.api.socks.repository.QueryWithFilterRepositoryTests" time="0.001"/>
  <testcase name="queryCreationFullWithoutCottonTest()" classname="com.api.socks.repository.QueryWithFilterRepositoryTests" time="0.001"/>
  <system-out><![CDATA[]]></system-out>
  <system-err><![CDATA[]]></system-err>
</testsuite>
