<?xml version="1.0" encoding="UTF-8"?>
<testsuite name="com.api.socks.controller.SocksControllerTest" tests="6" skipped="0" failures="0" errors="0" timestamp="2024-12-22T00:34:21" hostname="MacBook-Air-Artem.local" time="0.328">
  <properties/>
  <testcase name="addSocksTest()" classname="com.api.socks.controller.SocksControllerTest" time="0.218"/>
  <testcase name="testGetCountWithFilter()" classname="com.api.socks.controller.SocksControllerTest" time="0.032"/>
  <testcase name="updateSocksTest()" classname="com.api.socks.controller.SocksControllerTest" time="0.021"/>
  <testcase name="getCountWhenEmptyTest()" classname="com.api.socks.controller.SocksControllerTest" time="0.006"/>
  <testcase name="getCountTest()" classname="com.api.socks.controller.SocksControllerTest" time="0.022"/>
  <testcase name="removeSocksTest()" classname="com.api.socks.controller.SocksControllerTest" time="0.012"/>
  <system-out><![CDATA[2024-12-22T03:34:19.089+03:00  INFO 74089 --- [socks] [    Test worker] t.c.s.AnnotationConfigContextLoaderUtils : Could not detect default configuration classes for test class [com.api.socks.controller.SocksControllerTest]: SocksControllerTest does not declare any static, non-private, non-final, nested classes annotated with @Configuration.
2024-12-22T03:34:19.151+03:00  INFO 74089 --- [socks] [    Test worker] .b.t.c.SpringBootTestContextBootstrapper : Found @SpringBootConfiguration com.api.socks.SocksApplication for test class com.api.socks.controller.SocksControllerTest

  .   ____          _            __ _ _
 /\\ / ___'_ __ _ _(_)_ __  __ _ \ \ \ \
( ( )\___ | '_ | '_| | '_ \/ _` | \ \ \ \
 \\/  ___)| |_)| | | | | || (_| |  ) ) ) )
  '  |____| .__|_| |_|_| |_\__, | / / / /
 =========|_|==============|___/=/_/_/_/

 :: Spring Boot ::                (v3.4.1)

2024-12-22T03:34:19.282+03:00  INFO 74089 --- [socks] [    Test worker] c.a.s.controller.SocksControllerTest     : Starting SocksControllerTest using Java 17.0.13 with PID 74089 (started by artemefimov in /Users/artemefimov/Documents/GitHub/Java/Socks/SocksApi)
2024-12-22T03:34:19.282+03:00  INFO 74089 --- [socks] [    Test worker] c.a.s.controller.SocksControllerTest     : No active profile set, falling back to 1 default profile: "default"
2024-12-22T03:34:21.187+03:00  INFO 74089 --- [socks] [    Test worker] o.s.v.b.OptionalValidatorFactoryBean     : Failed to set up a Bean Validation provider: jakarta.validation.NoProviderFoundException: Unable to create a Configuration, because no Jakarta Bean Validation provider could be found. Add a provider like Hibernate Validator (RI) to your classpath.
2024-12-22T03:34:21.799+03:00  INFO 74089 --- [socks] [    Test worker] o.s.b.t.m.w.SpringBootMockServletContext : Initializing Spring TestDispatcherServlet ''
2024-12-22T03:34:21.800+03:00  INFO 74089 --- [socks] [    Test worker] o.s.t.web.servlet.TestDispatcherServlet  : Initializing Servlet ''
2024-12-22T03:34:21.802+03:00  INFO 74089 --- [socks] [    Test worker] o.s.t.web.servlet.TestDispatcherServlet  : Completed initialization in 1 ms
2024-12-22T03:34:21.904+03:00  INFO 74089 --- [socks] [    Test worker] c.a.s.controller.SocksControllerTest     : Started SocksControllerTest in 2.679 seconds (process running for 10.231)
]]></system-out>
  <system-err><![CDATA[]]></system-err>
</testsuite>
